2024-10-30 20:38:58,768 [INFO] Scrapy 2.6.2 started (bot: stock_scraper)
2024-10-30 20:38:58,843 [INFO] Versions: lxml 4.9.1.0, libxml2 2.9.14, cssselect 1.1.0, parsel 1.6.0, w3lib 1.21.0, Twisted 22.2.0, Python 3.9.13 (main, Aug 25 2022, 23:51:50) [MSC v.1916 64 bit (AMD64)], pyOpenSSL 22.0.0 (OpenSSL 1.1.1q  5 Jul 2022), cryptography 37.0.1, Platform Windows-10-10.0.22621-SP0
2024-10-30 20:38:58,850 [INFO] Overridden settings:
{'BOT_NAME': 'stock_scraper',
 'NEWSPIDER_MODULE': 'stock_scraper.spiders',
 'SPIDER_MODULES': ['stock_scraper.spiders']}
2024-10-30 20:38:58,958 [DEBUG] Using reactor: twisted.internet.selectreactor.SelectReactor
2024-10-30 20:38:58,991 [INFO] Telnet Password: d8a2437170f1eb11
2024-10-30 20:38:59,022 [INFO] Enabled extensions:
['scrapy.extensions.corestats.CoreStats',
 'scrapy.extensions.telnet.TelnetConsole',
 'scrapy.extensions.logstats.LogStats']
2024-10-30 20:38:59,607 [INFO] Enabled downloader middlewares:
['scrapy.downloadermiddlewares.httpauth.HttpAuthMiddleware',
 'scrapy.downloadermiddlewares.downloadtimeout.DownloadTimeoutMiddleware',
 'scrapy.downloadermiddlewares.defaultheaders.DefaultHeadersMiddleware',
 'scrapy.downloadermiddlewares.useragent.UserAgentMiddleware',
 'scrapy.downloadermiddlewares.retry.RetryMiddleware',
 'scrapy.downloadermiddlewares.redirect.MetaRefreshMiddleware',
 'scrapy.downloadermiddlewares.httpcompression.HttpCompressionMiddleware',
 'scrapy.downloadermiddlewares.redirect.RedirectMiddleware',
 'scrapy.downloadermiddlewares.cookies.CookiesMiddleware',
 'scrapy.downloadermiddlewares.httpproxy.HttpProxyMiddleware',
 'scrapy.downloadermiddlewares.stats.DownloaderStats']
2024-10-30 20:38:59,607 [INFO] Enabled spider middlewares:
['scrapy.spidermiddlewares.httperror.HttpErrorMiddleware',
 'scrapy.spidermiddlewares.offsite.OffsiteMiddleware',
 'scrapy.spidermiddlewares.referer.RefererMiddleware',
 'scrapy.spidermiddlewares.urllength.UrlLengthMiddleware',
 'scrapy.spidermiddlewares.depth.DepthMiddleware']
2024-10-30 20:38:59,639 [CRITICAL] Unhandled error in Deferred:
2024-10-30 20:38:59,733 [CRITICAL] 
Traceback (most recent call last):
  File "D:\anaconda3\lib\site-packages\twisted\internet\defer.py", line 1660, in _inlineCallbacks
    result = current_context.run(gen.send, result)
  File "D:\anaconda3\lib\site-packages\scrapy\crawler.py", line 101, in crawl
    self.engine = self._create_engine()
  File "D:\anaconda3\lib\site-packages\scrapy\crawler.py", line 115, in _create_engine
    return ExecutionEngine(self, lambda _: self.stop())
  File "D:\anaconda3\lib\site-packages\scrapy\core\engine.py", line 84, in __init__
    self.scraper = Scraper(crawler)
  File "D:\anaconda3\lib\site-packages\scrapy\core\scraper.py", line 75, in __init__
    self.itemproc = itemproc_cls.from_crawler(crawler)
  File "D:\anaconda3\lib\site-packages\scrapy\middleware.py", line 59, in from_crawler
    return cls.from_settings(crawler.settings, crawler)
  File "D:\anaconda3\lib\site-packages\scrapy\middleware.py", line 40, in from_settings
    mwcls = load_object(clspath)
  File "D:\anaconda3\lib\site-packages\scrapy\utils\misc.py", line 61, in load_object
    mod = import_module(module)
  File "D:\anaconda3\lib\importlib\__init__.py", line 127, in import_module
    return _bootstrap._gcd_import(name[level:], package, level)
  File "<frozen importlib._bootstrap>", line 1030, in _gcd_import
  File "<frozen importlib._bootstrap>", line 1007, in _find_and_load
  File "<frozen importlib._bootstrap>", line 972, in _find_and_load_unlocked
  File "<frozen importlib._bootstrap>", line 228, in _call_with_frames_removed
  File "<frozen importlib._bootstrap>", line 1030, in _gcd_import
  File "<frozen importlib._bootstrap>", line 1007, in _find_and_load
  File "<frozen importlib._bootstrap>", line 984, in _find_and_load_unlocked
ModuleNotFoundError: No module named 'stocks_scraper'
2024-10-30 20:44:46,543 [INFO] Scrapy 2.6.2 started (bot: stock_scraper)
2024-10-30 20:44:46,593 [INFO] Versions: lxml 4.9.1.0, libxml2 2.9.14, cssselect 1.1.0, parsel 1.6.0, w3lib 1.21.0, Twisted 22.2.0, Python 3.9.13 (main, Aug 25 2022, 23:51:50) [MSC v.1916 64 bit (AMD64)], pyOpenSSL 22.0.0 (OpenSSL 1.1.1q  5 Jul 2022), cryptography 37.0.1, Platform Windows-10-10.0.22621-SP0
2024-10-30 20:44:46,593 [INFO] Overridden settings:
{'BOT_NAME': 'stock_scraper',
 'NEWSPIDER_MODULE': 'stock_scraper.spiders',
 'ROBOTSTXT_OBEY': True,
 'SPIDER_MODULES': ['stock_scraper.spiders']}
2024-10-30 20:44:46,607 [DEBUG] Using reactor: twisted.internet.selectreactor.SelectReactor
2024-10-30 20:44:46,623 [INFO] Telnet Password: 53cb3190cebcded1
2024-10-30 20:44:46,650 [INFO] Enabled extensions:
['scrapy.extensions.corestats.CoreStats',
 'scrapy.extensions.telnet.TelnetConsole',
 'scrapy.extensions.logstats.LogStats']
2024-10-30 20:44:46,970 [INFO] Enabled downloader middlewares:
['scrapy.downloadermiddlewares.robotstxt.RobotsTxtMiddleware',
 'scrapy.downloadermiddlewares.httpauth.HttpAuthMiddleware',
 'scrapy.downloadermiddlewares.downloadtimeout.DownloadTimeoutMiddleware',
 'scrapy.downloadermiddlewares.defaultheaders.DefaultHeadersMiddleware',
 'scrapy.downloadermiddlewares.useragent.UserAgentMiddleware',
 'scrapy.downloadermiddlewares.retry.RetryMiddleware',
 'scrapy.downloadermiddlewares.redirect.MetaRefreshMiddleware',
 'scrapy.downloadermiddlewares.httpcompression.HttpCompressionMiddleware',
 'scrapy.downloadermiddlewares.redirect.RedirectMiddleware',
 'scrapy.downloadermiddlewares.cookies.CookiesMiddleware',
 'scrapy.downloadermiddlewares.httpproxy.HttpProxyMiddleware',
 'scrapy.downloadermiddlewares.stats.DownloaderStats']
2024-10-30 20:44:46,978 [INFO] Enabled spider middlewares:
['scrapy.spidermiddlewares.httperror.HttpErrorMiddleware',
 'scrapy.spidermiddlewares.offsite.OffsiteMiddleware',
 'scrapy.spidermiddlewares.referer.RefererMiddleware',
 'scrapy.spidermiddlewares.urllength.UrlLengthMiddleware',
 'scrapy.spidermiddlewares.depth.DepthMiddleware']
2024-10-30 20:44:46,983 [INFO] Enabled item pipelines:
[]
2024-10-30 20:44:46,983 [INFO] Spider opened
2024-10-30 20:44:47,333 [INFO] Crawled 0 pages (at 0 pages/min), scraped 0 items (at 0 items/min)
2024-10-30 20:44:47,333 [INFO] Telnet console listening on 127.0.0.1:6023
2024-10-30 20:44:47,501 [DEBUG] Crawled (200) <GET https://98.push2.eastmoney.com/robots.txt> (referer: None)
2024-10-30 20:44:47,501 [DEBUG] Forbidden by robots.txt: <GET https://98.push2.eastmoney.com/api/qt/clist/get?cb=jQuery&pn=1&pz=20&po=1&ut=bd1d9ddb04089700cf9c27f6f7426281&fltt=2&invt=2&dect=1&wbp2u=|0|0|0|web&fid=f3&fs=m:0+t:6,m:0+t:80,m:1+t:2,m:1+t:23,m:0+t:81+s:2048&fields=f1,f2,f3,f4,f5,f6,f7,f8,f9,f10,f12,f13,f14,f15,f16,f17,f18,f20,f21,f23,f24,f25,f22,f11,f62,f128,f136,f115,f152>
2024-10-30 20:44:47,506 [DEBUG] Forbidden by robots.txt: <GET https://98.push2.eastmoney.com/api/qt/clist/get?cb=jQuery&pn=2&pz=20&po=1&ut=bd1d9ddb04089700cf9c27f6f7426281&fltt=2&invt=2&dect=1&wbp2u=|0|0|0|web&fid=f3&fs=m:0+t:6,m:0+t:80,m:1+t:2,m:1+t:23,m:0+t:81+s:2048&fields=f1,f2,f3,f4,f5,f6,f7,f8,f9,f10,f12,f13,f14,f15,f16,f17,f18,f20,f21,f23,f24,f25,f22,f11,f62,f128,f136,f115,f152>
2024-10-30 20:44:47,506 [DEBUG] Forbidden by robots.txt: <GET https://98.push2.eastmoney.com/api/qt/clist/get?cb=jQuery&pn=1&pz=20&po=1&ut=bd1d9ddb04089700cf9c27f6f7426281&fltt=2&invt=2&dect=1&wbp2u=|0|0|0|web&fid=f3&fs=m:1+t:2,m:1+t:23&fields=f1,f2,f3,f4,f5,f6,f7,f8,f9,f10,f12,f13,f14,f15,f16,f17,f18,f20,f21,f23,f24,f25,f22,f11,f62,f128,f136,f115,f152>
2024-10-30 20:44:47,506 [DEBUG] Forbidden by robots.txt: <GET https://98.push2.eastmoney.com/api/qt/clist/get?cb=jQuery&pn=2&pz=20&po=1&ut=bd1d9ddb04089700cf9c27f6f7426281&fltt=2&invt=2&dect=1&wbp2u=|0|0|0|web&fid=f3&fs=m:1+t:2,m:1+t:23&fields=f1,f2,f3,f4,f5,f6,f7,f8,f9,f10,f12,f13,f14,f15,f16,f17,f18,f20,f21,f23,f24,f25,f22,f11,f62,f128,f136,f115,f152>
2024-10-30 20:44:47,511 [DEBUG] Forbidden by robots.txt: <GET https://98.push2.eastmoney.com/api/qt/clist/get?cb=jQuery&pn=1&pz=20&po=1&ut=bd1d9ddb04089700cf9c27f6f7426281&fltt=2&invt=2&dect=1&wbp2u=|0|0|0|web&fid=f3&fs=m:0+t:6,m:0+t:80&fields=f1,f2,f3,f4,f5,f6,f7,f8,f9,f10,f12,f13,f14,f15,f16,f17,f18,f20,f21,f23,f24,f25,f22,f11,f62,f128,f136,f115,f152>
2024-10-30 20:44:47,511 [DEBUG] Forbidden by robots.txt: <GET https://98.push2.eastmoney.com/api/qt/clist/get?cb=jQuery&pn=2&pz=20&po=1&ut=bd1d9ddb04089700cf9c27f6f7426281&fltt=2&invt=2&dect=1&wbp2u=|0|0|0|web&fid=f3&fs=m:0+t:6,m:0+t:80&fields=f1,f2,f3,f4,f5,f6,f7,f8,f9,f10,f12,f13,f14,f15,f16,f17,f18,f20,f21,f23,f24,f25,f22,f11,f62,f128,f136,f115,f152>
2024-10-30 20:44:47,511 [DEBUG] Forbidden by robots.txt: <GET https://98.push2.eastmoney.com/api/qt/clist/get?cb=jQuery&pn=1&pz=20&po=1&ut=bd1d9ddb04089700cf9c27f6f7426281&fltt=2&invt=2&dect=1&wbp2u=|0|0|0|web&fid=f3&fs=m:0+t:81+s:2048&fields=f1,f2,f3,f4,f5,f6,f7,f8,f9,f10,f12,f13,f14,f15,f16,f17,f18,f20,f21,f23,f24,f25,f22,f11,f62,f128,f136,f115,f152>
2024-10-30 20:44:47,523 [DEBUG] Forbidden by robots.txt: <GET https://98.push2.eastmoney.com/api/qt/clist/get?cb=jQuery&pn=2&pz=20&po=1&ut=bd1d9ddb04089700cf9c27f6f7426281&fltt=2&invt=2&dect=1&wbp2u=|0|0|0|web&fid=f3&fs=m:0+t:81+s:2048&fields=f1,f2,f3,f4,f5,f6,f7,f8,f9,f10,f12,f13,f14,f15,f16,f17,f18,f20,f21,f23,f24,f25,f22,f11,f62,f128,f136,f115,f152>
2024-10-30 20:44:47,744 [INFO] Closing spider (finished)
2024-10-30 20:44:47,751 [INFO] Dumping Scrapy stats:
{'downloader/exception_count': 8,
 'downloader/exception_type_count/scrapy.exceptions.IgnoreRequest': 8,
 'downloader/request_bytes': 236,
 'downloader/request_count': 1,
 'downloader/request_method_count/GET': 1,
 'downloader/response_bytes': 160,
 'downloader/response_count': 1,
 'downloader/response_status_count/200': 1,
 'elapsed_time_seconds': 0.410824,
 'finish_reason': 'finished',
 'finish_time': datetime.datetime(2024, 10, 30, 12, 44, 47, 744614),
 'log_count/DEBUG': 10,
 'log_count/INFO': 10,
 'response_received_count': 1,
 'robotstxt/forbidden': 8,
 'robotstxt/request_count': 1,
 'robotstxt/response_count': 1,
 'robotstxt/response_status_count/200': 1,
 'scheduler/dequeued': 8,
 'scheduler/dequeued/memory': 8,
 'scheduler/enqueued': 8,
 'scheduler/enqueued/memory': 8,
 'start_time': datetime.datetime(2024, 10, 30, 12, 44, 47, 333790)}
2024-10-30 20:44:47,751 [INFO] Spider closed (finished)
2024-10-30 21:16:51,520 [INFO] Scrapy 2.6.2 started (bot: stock_scraper)
2024-10-30 21:16:51,578 [INFO] Versions: lxml 4.9.1.0, libxml2 2.9.14, cssselect 1.1.0, parsel 1.6.0, w3lib 1.21.0, Twisted 22.2.0, Python 3.9.13 (main, Aug 25 2022, 23:51:50) [MSC v.1916 64 bit (AMD64)], pyOpenSSL 22.0.0 (OpenSSL 1.1.1q  5 Jul 2022), cryptography 37.0.1, Platform Windows-10-10.0.22621-SP0
2024-10-30 21:16:51,585 [INFO] Overridden settings:
{'BOT_NAME': 'stock_scraper',
 'NEWSPIDER_MODULE': 'stock_scraper.spiders',
 'ROBOTSTXT_OBEY': True,
 'SPIDER_MODULES': ['stock_scraper.spiders']}
2024-10-30 21:16:51,610 [DEBUG] Using reactor: twisted.internet.selectreactor.SelectReactor
2024-10-30 21:16:51,633 [INFO] Telnet Password: 56ac5aaf2ec995ea
2024-10-30 21:16:51,665 [INFO] Enabled extensions:
['scrapy.extensions.corestats.CoreStats',
 'scrapy.extensions.telnet.TelnetConsole',
 'scrapy.extensions.logstats.LogStats']
2024-10-30 21:16:52,029 [INFO] Enabled downloader middlewares:
['scrapy.downloadermiddlewares.robotstxt.RobotsTxtMiddleware',
 'scrapy.downloadermiddlewares.httpauth.HttpAuthMiddleware',
 'scrapy.downloadermiddlewares.downloadtimeout.DownloadTimeoutMiddleware',
 'scrapy.downloadermiddlewares.defaultheaders.DefaultHeadersMiddleware',
 'scrapy.downloadermiddlewares.useragent.UserAgentMiddleware',
 'scrapy.downloadermiddlewares.retry.RetryMiddleware',
 'scrapy.downloadermiddlewares.redirect.MetaRefreshMiddleware',
 'scrapy.downloadermiddlewares.httpcompression.HttpCompressionMiddleware',
 'scrapy.downloadermiddlewares.redirect.RedirectMiddleware',
 'scrapy.downloadermiddlewares.cookies.CookiesMiddleware',
 'scrapy.downloadermiddlewares.httpproxy.HttpProxyMiddleware',
 'scrapy.downloadermiddlewares.stats.DownloaderStats']
2024-10-30 21:16:52,037 [INFO] Enabled spider middlewares:
['scrapy.spidermiddlewares.httperror.HttpErrorMiddleware',
 'scrapy.spidermiddlewares.offsite.OffsiteMiddleware',
 'scrapy.spidermiddlewares.referer.RefererMiddleware',
 'scrapy.spidermiddlewares.urllength.UrlLengthMiddleware',
 'scrapy.spidermiddlewares.depth.DepthMiddleware']
2024-10-30 21:16:52,037 [INFO] Enabled item pipelines:
[]
2024-10-30 21:16:52,037 [INFO] Spider opened
2024-10-30 21:16:52,210 [INFO] Crawled 0 pages (at 0 pages/min), scraped 0 items (at 0 items/min)
2024-10-30 21:16:52,210 [INFO] Telnet console listening on 127.0.0.1:6023
2024-10-30 21:16:52,498 [DEBUG] Crawled (200) <GET https://98.push2.eastmoney.com/robots.txt> (referer: None)
2024-10-30 21:16:52,498 [DEBUG] Forbidden by robots.txt: <GET https://98.push2.eastmoney.com/api/qt/clist/get?cb=jQuery&pn=1&pz=20&po=1&ut=bd1d9ddb04089700cf9c27f6f7426281&fltt=2&invt=2&dect=1&wbp2u=|0|0|0|web&fid=f3&fs=m:0+t:6,m:0+t:80,m:1+t:2,m:1+t:23,m:0+t:81+s:2048&fields=f1,f2,f3,f4,f5,f6,f7,f8,f9,f10,f12,f13,f14,f15,f16,f17,f18,f20,f21,f23,f24,f25,f22,f11,f62,f128,f136,f115,f152>
2024-10-30 21:16:52,498 [DEBUG] Forbidden by robots.txt: <GET https://98.push2.eastmoney.com/api/qt/clist/get?cb=jQuery&pn=2&pz=20&po=1&ut=bd1d9ddb04089700cf9c27f6f7426281&fltt=2&invt=2&dect=1&wbp2u=|0|0|0|web&fid=f3&fs=m:0+t:6,m:0+t:80,m:1+t:2,m:1+t:23,m:0+t:81+s:2048&fields=f1,f2,f3,f4,f5,f6,f7,f8,f9,f10,f12,f13,f14,f15,f16,f17,f18,f20,f21,f23,f24,f25,f22,f11,f62,f128,f136,f115,f152>
2024-10-30 21:16:52,498 [DEBUG] Forbidden by robots.txt: <GET https://98.push2.eastmoney.com/api/qt/clist/get?cb=jQuery&pn=1&pz=20&po=1&ut=bd1d9ddb04089700cf9c27f6f7426281&fltt=2&invt=2&dect=1&wbp2u=|0|0|0|web&fid=f3&fs=m:1+t:2,m:1+t:23&fields=f1,f2,f3,f4,f5,f6,f7,f8,f9,f10,f12,f13,f14,f15,f16,f17,f18,f20,f21,f23,f24,f25,f22,f11,f62,f128,f136,f115,f152>
2024-10-30 21:16:52,498 [DEBUG] Forbidden by robots.txt: <GET https://98.push2.eastmoney.com/api/qt/clist/get?cb=jQuery&pn=2&pz=20&po=1&ut=bd1d9ddb04089700cf9c27f6f7426281&fltt=2&invt=2&dect=1&wbp2u=|0|0|0|web&fid=f3&fs=m:1+t:2,m:1+t:23&fields=f1,f2,f3,f4,f5,f6,f7,f8,f9,f10,f12,f13,f14,f15,f16,f17,f18,f20,f21,f23,f24,f25,f22,f11,f62,f128,f136,f115,f152>
2024-10-30 21:16:52,513 [DEBUG] Forbidden by robots.txt: <GET https://98.push2.eastmoney.com/api/qt/clist/get?cb=jQuery&pn=1&pz=20&po=1&ut=bd1d9ddb04089700cf9c27f6f7426281&fltt=2&invt=2&dect=1&wbp2u=|0|0|0|web&fid=f3&fs=m:0+t:6,m:0+t:80&fields=f1,f2,f3,f4,f5,f6,f7,f8,f9,f10,f12,f13,f14,f15,f16,f17,f18,f20,f21,f23,f24,f25,f22,f11,f62,f128,f136,f115,f152>
2024-10-30 21:16:52,513 [DEBUG] Forbidden by robots.txt: <GET https://98.push2.eastmoney.com/api/qt/clist/get?cb=jQuery&pn=2&pz=20&po=1&ut=bd1d9ddb04089700cf9c27f6f7426281&fltt=2&invt=2&dect=1&wbp2u=|0|0|0|web&fid=f3&fs=m:0+t:6,m:0+t:80&fields=f1,f2,f3,f4,f5,f6,f7,f8,f9,f10,f12,f13,f14,f15,f16,f17,f18,f20,f21,f23,f24,f25,f22,f11,f62,f128,f136,f115,f152>
2024-10-30 21:16:52,513 [DEBUG] Forbidden by robots.txt: <GET https://98.push2.eastmoney.com/api/qt/clist/get?cb=jQuery&pn=1&pz=20&po=1&ut=bd1d9ddb04089700cf9c27f6f7426281&fltt=2&invt=2&dect=1&wbp2u=|0|0|0|web&fid=f3&fs=m:0+t:81+s:2048&fields=f1,f2,f3,f4,f5,f6,f7,f8,f9,f10,f12,f13,f14,f15,f16,f17,f18,f20,f21,f23,f24,f25,f22,f11,f62,f128,f136,f115,f152>
2024-10-30 21:16:52,513 [DEBUG] Forbidden by robots.txt: <GET https://98.push2.eastmoney.com/api/qt/clist/get?cb=jQuery&pn=2&pz=20&po=1&ut=bd1d9ddb04089700cf9c27f6f7426281&fltt=2&invt=2&dect=1&wbp2u=|0|0|0|web&fid=f3&fs=m:0+t:81+s:2048&fields=f1,f2,f3,f4,f5,f6,f7,f8,f9,f10,f12,f13,f14,f15,f16,f17,f18,f20,f21,f23,f24,f25,f22,f11,f62,f128,f136,f115,f152>
2024-10-30 21:16:52,736 [INFO] Closing spider (finished)
2024-10-30 21:16:52,743 [INFO] Dumping Scrapy stats:
{'downloader/exception_count': 8,
 'downloader/exception_type_count/scrapy.exceptions.IgnoreRequest': 8,
 'downloader/request_bytes': 236,
 'downloader/request_count': 1,
 'downloader/request_method_count/GET': 1,
 'downloader/response_bytes': 160,
 'downloader/response_count': 1,
 'downloader/response_status_count/200': 1,
 'elapsed_time_seconds': 0.525917,
 'finish_reason': 'finished',
 'finish_time': datetime.datetime(2024, 10, 30, 13, 16, 52, 736869),
 'log_count/DEBUG': 10,
 'log_count/INFO': 10,
 'response_received_count': 1,
 'robotstxt/forbidden': 8,
 'robotstxt/request_count': 1,
 'robotstxt/response_count': 1,
 'robotstxt/response_status_count/200': 1,
 'scheduler/dequeued': 8,
 'scheduler/dequeued/memory': 8,
 'scheduler/enqueued': 8,
 'scheduler/enqueued/memory': 8,
 'start_time': datetime.datetime(2024, 10, 30, 13, 16, 52, 210952)}
2024-10-30 21:16:52,743 [INFO] Spider closed (finished)
2024-10-30 21:32:31,222 [INFO] Scrapy 2.6.2 started (bot: stock_scraper)
2024-10-30 21:32:31,267 [INFO] Versions: lxml 4.9.1.0, libxml2 2.9.14, cssselect 1.1.0, parsel 1.6.0, w3lib 1.21.0, Twisted 22.2.0, Python 3.9.13 (main, Aug 25 2022, 23:51:50) [MSC v.1916 64 bit (AMD64)], pyOpenSSL 22.0.0 (OpenSSL 1.1.1q  5 Jul 2022), cryptography 37.0.1, Platform Windows-10-10.0.22621-SP0
2024-10-30 21:32:31,267 [INFO] Overridden settings:
{'BOT_NAME': 'stock_scraper',
 'NEWSPIDER_MODULE': 'stock_scraper.spiders',
 'ROBOTSTXT_OBEY': True,
 'SPIDER_MODULES': ['stock_scraper.spiders']}
2024-10-30 21:32:31,283 [DEBUG] Using reactor: twisted.internet.selectreactor.SelectReactor
2024-10-30 21:32:31,298 [INFO] Telnet Password: 515a9aea1cef23e0
2024-10-30 21:32:31,330 [INFO] Enabled extensions:
['scrapy.extensions.corestats.CoreStats',
 'scrapy.extensions.telnet.TelnetConsole',
 'scrapy.extensions.logstats.LogStats']
2024-10-30 21:32:31,616 [INFO] Enabled downloader middlewares:
['scrapy.downloadermiddlewares.robotstxt.RobotsTxtMiddleware',
 'scrapy.downloadermiddlewares.httpauth.HttpAuthMiddleware',
 'scrapy.downloadermiddlewares.downloadtimeout.DownloadTimeoutMiddleware',
 'scrapy.downloadermiddlewares.defaultheaders.DefaultHeadersMiddleware',
 'scrapy.downloadermiddlewares.useragent.UserAgentMiddleware',
 'scrapy.downloadermiddlewares.retry.RetryMiddleware',
 'scrapy.downloadermiddlewares.redirect.MetaRefreshMiddleware',
 'scrapy.downloadermiddlewares.httpcompression.HttpCompressionMiddleware',
 'scrapy.downloadermiddlewares.redirect.RedirectMiddleware',
 'scrapy.downloadermiddlewares.cookies.CookiesMiddleware',
 'scrapy.downloadermiddlewares.httpproxy.HttpProxyMiddleware',
 'scrapy.downloadermiddlewares.stats.DownloaderStats']
2024-10-30 21:32:31,621 [INFO] Enabled spider middlewares:
['scrapy.spidermiddlewares.httperror.HttpErrorMiddleware',
 'scrapy.spidermiddlewares.offsite.OffsiteMiddleware',
 'scrapy.spidermiddlewares.referer.RefererMiddleware',
 'scrapy.spidermiddlewares.urllength.UrlLengthMiddleware',
 'scrapy.spidermiddlewares.depth.DepthMiddleware']
2024-10-30 21:32:31,621 [INFO] Enabled item pipelines:
[]
2024-10-30 21:32:31,621 [INFO] Spider opened
2024-10-30 21:32:31,748 [INFO] Crawled 0 pages (at 0 pages/min), scraped 0 items (at 0 items/min)
2024-10-30 21:32:31,759 [INFO] Telnet console listening on 127.0.0.1:6023
2024-10-30 21:32:31,902 [DEBUG] Crawled (200) <GET https://98.push2.eastmoney.com/robots.txt> (referer: None)
2024-10-30 21:32:31,902 [DEBUG] Forbidden by robots.txt: <GET https://98.push2.eastmoney.com/api/qt/clist/get?cb=jQuery&pn=1&pz=20&po=1&ut=bd1d9ddb04089700cf9c27f6f7426281&fltt=2&invt=2&dect=1&wbp2u=|0|0|0|web&fid=f3&fs=m:0+t:6,m:0+t:80,m:1+t:2,m:1+t:23,m:0+t:81+s:2048&fields=f1,f2,f3,f4,f5,f6,f7,f8,f9,f10,f12,f13,f14,f15,f16,f17,f18,f20,f21,f23,f24,f25,f22,f11,f62,f128,f136,f115,f152>
2024-10-30 21:32:31,902 [DEBUG] Forbidden by robots.txt: <GET https://98.push2.eastmoney.com/api/qt/clist/get?cb=jQuery&pn=2&pz=20&po=1&ut=bd1d9ddb04089700cf9c27f6f7426281&fltt=2&invt=2&dect=1&wbp2u=|0|0|0|web&fid=f3&fs=m:0+t:6,m:0+t:80,m:1+t:2,m:1+t:23,m:0+t:81+s:2048&fields=f1,f2,f3,f4,f5,f6,f7,f8,f9,f10,f12,f13,f14,f15,f16,f17,f18,f20,f21,f23,f24,f25,f22,f11,f62,f128,f136,f115,f152>
2024-10-30 21:32:31,918 [DEBUG] Forbidden by robots.txt: <GET https://98.push2.eastmoney.com/api/qt/clist/get?cb=jQuery&pn=1&pz=20&po=1&ut=bd1d9ddb04089700cf9c27f6f7426281&fltt=2&invt=2&dect=1&wbp2u=|0|0|0|web&fid=f3&fs=m:1+t:2,m:1+t:23&fields=f1,f2,f3,f4,f5,f6,f7,f8,f9,f10,f12,f13,f14,f15,f16,f17,f18,f20,f21,f23,f24,f25,f22,f11,f62,f128,f136,f115,f152>
2024-10-30 21:32:31,918 [DEBUG] Forbidden by robots.txt: <GET https://98.push2.eastmoney.com/api/qt/clist/get?cb=jQuery&pn=2&pz=20&po=1&ut=bd1d9ddb04089700cf9c27f6f7426281&fltt=2&invt=2&dect=1&wbp2u=|0|0|0|web&fid=f3&fs=m:1+t:2,m:1+t:23&fields=f1,f2,f3,f4,f5,f6,f7,f8,f9,f10,f12,f13,f14,f15,f16,f17,f18,f20,f21,f23,f24,f25,f22,f11,f62,f128,f136,f115,f152>
2024-10-30 21:32:31,918 [DEBUG] Forbidden by robots.txt: <GET https://98.push2.eastmoney.com/api/qt/clist/get?cb=jQuery&pn=1&pz=20&po=1&ut=bd1d9ddb04089700cf9c27f6f7426281&fltt=2&invt=2&dect=1&wbp2u=|0|0|0|web&fid=f3&fs=m:0+t:6,m:0+t:80&fields=f1,f2,f3,f4,f5,f6,f7,f8,f9,f10,f12,f13,f14,f15,f16,f17,f18,f20,f21,f23,f24,f25,f22,f11,f62,f128,f136,f115,f152>
2024-10-30 21:32:31,918 [DEBUG] Forbidden by robots.txt: <GET https://98.push2.eastmoney.com/api/qt/clist/get?cb=jQuery&pn=2&pz=20&po=1&ut=bd1d9ddb04089700cf9c27f6f7426281&fltt=2&invt=2&dect=1&wbp2u=|0|0|0|web&fid=f3&fs=m:0+t:6,m:0+t:80&fields=f1,f2,f3,f4,f5,f6,f7,f8,f9,f10,f12,f13,f14,f15,f16,f17,f18,f20,f21,f23,f24,f25,f22,f11,f62,f128,f136,f115,f152>
2024-10-30 21:32:31,918 [DEBUG] Forbidden by robots.txt: <GET https://98.push2.eastmoney.com/api/qt/clist/get?cb=jQuery&pn=1&pz=20&po=1&ut=bd1d9ddb04089700cf9c27f6f7426281&fltt=2&invt=2&dect=1&wbp2u=|0|0|0|web&fid=f3&fs=m:0+t:81+s:2048&fields=f1,f2,f3,f4,f5,f6,f7,f8,f9,f10,f12,f13,f14,f15,f16,f17,f18,f20,f21,f23,f24,f25,f22,f11,f62,f128,f136,f115,f152>
2024-10-30 21:32:31,918 [DEBUG] Forbidden by robots.txt: <GET https://98.push2.eastmoney.com/api/qt/clist/get?cb=jQuery&pn=2&pz=20&po=1&ut=bd1d9ddb04089700cf9c27f6f7426281&fltt=2&invt=2&dect=1&wbp2u=|0|0|0|web&fid=f3&fs=m:0+t:81+s:2048&fields=f1,f2,f3,f4,f5,f6,f7,f8,f9,f10,f12,f13,f14,f15,f16,f17,f18,f20,f21,f23,f24,f25,f22,f11,f62,f128,f136,f115,f152>
2024-10-30 21:32:32,139 [INFO] Closing spider (finished)
2024-10-30 21:32:32,139 [INFO] Dumping Scrapy stats:
{'downloader/exception_count': 8,
 'downloader/exception_type_count/scrapy.exceptions.IgnoreRequest': 8,
 'downloader/request_bytes': 236,
 'downloader/request_count': 1,
 'downloader/request_method_count/GET': 1,
 'downloader/response_bytes': 160,
 'downloader/response_count': 1,
 'downloader/response_status_count/200': 1,
 'elapsed_time_seconds': 0.390796,
 'finish_reason': 'finished',
 'finish_time': datetime.datetime(2024, 10, 30, 13, 32, 32, 139558),
 'log_count/DEBUG': 10,
 'log_count/INFO': 10,
 'response_received_count': 1,
 'robotstxt/forbidden': 8,
 'robotstxt/request_count': 1,
 'robotstxt/response_count': 1,
 'robotstxt/response_status_count/200': 1,
 'scheduler/dequeued': 8,
 'scheduler/dequeued/memory': 8,
 'scheduler/enqueued': 8,
 'scheduler/enqueued/memory': 8,
 'start_time': datetime.datetime(2024, 10, 30, 13, 32, 31, 748762)}
2024-10-30 21:32:32,139 [INFO] Spider closed (finished)
